<?xml version="1.0" encoding="UTF-8"?>
<!-- Generated by org.testng.reporters.JUnitReportReporter -->
<testsuite skipped="0" hostname="ISIPL-PUNV-L040" name="testNGTutorial.DataProvider2" tests="3" failures="0" timestamp="08 Jul 2019 17:25:19 GMT" time="0.016" errors="0">
  <testcase name="method" time="0.011" classname="testNGTutorial.DataProvider2"/>
  <testcase name="method" time="0.001" classname="testNGTutorial.DataProvider2"/>
  <testcase name="method" time="0.004" classname="testNGTutorial.DataProvider2"/>
</testsuite> <!-- testNGTutorial.DataProvider2 -->
