<?xml version="1.0" encoding="UTF-8"?>
<!-- Generated by org.testng.reporters.JUnitReportReporter -->
<testsuite skipped="0" hostname="ISIPL-PUNV-L040" name="testNGTutorial.TestNGDependency" tests="3" failures="0" timestamp="22 Jun 2019 10:41:41 GMT" time="0.015" errors="0">
  <testcase name="stepTwo" time="0.001" classname="testNGTutorial.TestNGDependency"/>
  <testcase name="stepThree" time="0.011" classname="testNGTutorial.TestNGDependency"/>
  <testcase name="stepOne" time="0.003" classname="testNGTutorial.TestNGDependency"/>
</testsuite> <!-- testNGTutorial.TestNGDependency -->
