<?xml version="1.0" encoding="UTF-8"?>
<!-- Generated by org.testng.reporters.JUnitReportReporter -->
<testsuite skipped="0" hostname="ISIPL-PUNV-L040" name="testNGTutorial.DataProviderinTestNG" tests="3" failures="0" timestamp="15 Jun 2019 05:25:08 GMT" time="0.011" errors="0">
  <testcase name="method" time="0.009" classname="testNGTutorial.DataProviderinTestNG"/>
  <testcase name="method" time="0.001" classname="testNGTutorial.DataProviderinTestNG"/>
  <testcase name="method" time="0.001" classname="testNGTutorial.DataProviderinTestNG"/>
</testsuite> <!-- testNGTutorial.DataProviderinTestNG -->
