<?xml version="1.0" encoding="UTF-8"?>
<!-- Generated by org.testng.reporters.JUnitReportReporter -->
<testsuite skipped="0" hostname="ISIPL-PUNV-L040" name="testNGTutorial.DataProvider1" tests="1" failures="0" timestamp="22 Jun 2019 11:52:03 GMT" time="0.011" errors="0">
  <testcase name="method" time="0.011" classname="testNGTutorial.DataProvider1"/>
</testsuite> <!-- testNGTutorial.DataProvider1 -->
