<?xml version="1.0" encoding="UTF-8"?>
<!-- Generated by org.testng.reporters.JUnitReportReporter -->
<testsuite skipped="0" hostname="ISIPL-PUNV-L040" name="testNGTutorial.Annotations" tests="2" failures="0" timestamp="08 Jul 2019 17:34:18 GMT" time="0.012" errors="0">
  <testcase name="testMethod" time="0.007" classname="testNGTutorial.Annotations"/>
  <testcase name="testMethod1" time="0.005" classname="testNGTutorial.Annotations"/>
</testsuite> <!-- testNGTutorial.Annotations -->
