<?xml version="1.0" encoding="UTF-8"?>
<!-- Generated by org.testng.reporters.JUnitReportReporter -->
<testsuite skipped="0" hostname="ISIPL-PUNV-L040" name="testNGTutorial.PrivateMethod" tests="1" failures="0" timestamp="08 Jul 2019 17:38:06 GMT" time="0.011" errors="0">
  <testcase name="method" time="0.011" classname="testNGTutorial.PrivateMethod"/>
</testsuite> <!-- testNGTutorial.PrivateMethod -->
