<?xml version="1.0" encoding="UTF-8"?>
<!-- Generated by org.testng.reporters.JUnitReportReporter -->
<testsuite skipped="0" hostname="ISIPL-PUNV-L040" name="testNGTutorial.GroupingatClass" tests="2" failures="0" timestamp="08 Jul 2019 16:39:22 GMT" time="0.014" errors="0">
  <testcase name="method1" time="0.002" classname="testNGTutorial.GroupingatClass"/>
  <testcase name="method" time="0.012" classname="testNGTutorial.GroupingatClass"/>
</testsuite> <!-- testNGTutorial.GroupingatClass -->
